app/build/intermediates/manifest_merge_blame_file/debug/manifest-merger-blame-debug-report.txt
1<?xml version="1.0" encoding="utf-8"?>
2<!--   ~ Copyright (c) 2015 - 2025 Siemens Healthineers -->
3<manifest xmlns:android="http://schemas.android.com/apk/res/android"
4    package="com.example.myserviceapp"
5    android:versionCode="1"
6    android:versionName="1.0.0" >
7
8    <uses-sdk
9        android:minSdkVersion="21"
10        android:targetSdkVersion="34" />
11
12    <permission
12-->[androidx.core:core:1.13.0] AndroidManifest.xml:22:5-24:47
13        android:name="com.example.myserviceapp.DYNAMIC_RECEIVER_NOT_EXPORTED_PERMISSION"
13-->[androidx.core:core:1.13.0] AndroidManifest.xml:23:9-81
14        android:protectionLevel="signature" />
14-->[androidx.core:core:1.13.0] AndroidManifest.xml:24:9-44
15
16    <uses-permission android:name="com.example.myserviceapp.DYNAMIC_RECEIVER_NOT_EXPORTED_PERMISSION" />
16-->[androidx.core:core:1.13.0] AndroidManifest.xml:26:5-97
16-->[androidx.core:core:1.13.0] AndroidManifest.xml:26:22-94
17
18    <application
18-->src\main\AndroidManifest.xml:9:5-22:19
19        android:allowBackup="true"
19-->src\main\AndroidManifest.xml:10:9-35
20        android:appComponentFactory="androidx.core.app.CoreComponentFactory"
20-->[androidx.core:core:1.13.0] AndroidManifest.xml:28:18-86
21        android:debuggable="true"
22        android:extractNativeLibs="true"
23        android:label="MyServiceApp"
23-->src\main\AndroidManifest.xml:11:9-37
24        android:testOnly="true"
25        android:theme="@style/Theme.AppCompat.Light.NoActionBar" >
25-->src\main\AndroidManifest.xml:12:9-65
26        <activity
26-->src\main\AndroidManifest.xml:14:9-19:20
27            android:name="com.example.myserviceapp.MainActivity"
27-->src\main\AndroidManifest.xml:14:19-47
28            android:exported="true" >
28-->src\main\AndroidManifest.xml:14:48-71
29            <intent-filter>
29-->src\main\AndroidManifest.xml:15:13-18:29
30                <action android:name="android.intent.action.MAIN" />
30-->src\main\AndroidManifest.xml:16:17-68
30-->src\main\AndroidManifest.xml:16:25-66
31
32                <category android:name="android.intent.category.LAUNCHER" />
32-->src\main\AndroidManifest.xml:17:17-76
32-->src\main\AndroidManifest.xml:17:27-74
33            </intent-filter>
34        </activity>
35
36        <service android:name="com.example.myserviceapp.MyService" />
36-->src\main\AndroidManifest.xml:21:9-45
36-->src\main\AndroidManifest.xml:21:18-43
37
38        <provider
38-->[androidx.emoji2:emoji2:1.3.0] AndroidManifest.xml:24:9-32:20
39            android:name="androidx.startup.InitializationProvider"
39-->[androidx.emoji2:emoji2:1.3.0] AndroidManifest.xml:25:13-67
40            android:authorities="com.example.myserviceapp.androidx-startup"
40-->[androidx.emoji2:emoji2:1.3.0] AndroidManifest.xml:26:13-68
41            android:exported="false" >
41-->[androidx.emoji2:emoji2:1.3.0] AndroidManifest.xml:27:13-37
42            <meta-data
42-->[androidx.emoji2:emoji2:1.3.0] AndroidManifest.xml:29:13-31:52
43                android:name="androidx.emoji2.text.EmojiCompatInitializer"
43-->[androidx.emoji2:emoji2:1.3.0] AndroidManifest.xml:30:17-75
44                android:value="androidx.startup" />
44-->[androidx.emoji2:emoji2:1.3.0] AndroidManifest.xml:31:17-49
45            <meta-data
45-->[androidx.lifecycle:lifecycle-process:2.6.2] AndroidManifest.xml:29:13-31:52
46                android:name="androidx.lifecycle.ProcessLifecycleInitializer"
46-->[androidx.lifecycle:lifecycle-process:2.6.2] AndroidManifest.xml:30:17-78
47                android:value="androidx.startup" />
47-->[androidx.lifecycle:lifecycle-process:2.6.2] AndroidManifest.xml:31:17-49
48            <meta-data
48-->[androidx.profileinstaller:profileinstaller:1.3.1] AndroidManifest.xml:29:13-31:52
49                android:name="androidx.profileinstaller.ProfileInstallerInitializer"
49-->[androidx.profileinstaller:profileinstaller:1.3.1] AndroidManifest.xml:30:17-85
50                android:value="androidx.startup" />
50-->[androidx.profileinstaller:profileinstaller:1.3.1] AndroidManifest.xml:31:17-49
51        </provider>
52
53        <receiver
53-->[androidx.profileinstaller:profileinstaller:1.3.1] AndroidManifest.xml:34:9-52:20
54            android:name="androidx.profileinstaller.ProfileInstallReceiver"
54-->[androidx.profileinstaller:profileinstaller:1.3.1] AndroidManifest.xml:35:13-76
55            android:directBootAware="false"
55-->[androidx.profileinstaller:profileinstaller:1.3.1] AndroidManifest.xml:36:13-44
56            android:enabled="true"
56-->[androidx.profileinstaller:profileinstaller:1.3.1] AndroidManifest.xml:37:13-35
57            android:exported="true"
57-->[androidx.profileinstaller:profileinstaller:1.3.1] AndroidManifest.xml:38:13-36
58            android:permission="android.permission.DUMP" >
58-->[androidx.profileinstaller:profileinstaller:1.3.1] AndroidManifest.xml:39:13-57
59            <intent-filter>
59-->[androidx.profileinstaller:profileinstaller:1.3.1] AndroidManifest.xml:40:13-42:29
60                <action android:name="androidx.profileinstaller.action.INSTALL_PROFILE" />
60-->[androidx.profileinstaller:profileinstaller:1.3.1] AndroidManifest.xml:41:17-91
60-->[androidx.profileinstaller:profileinstaller:1.3.1] AndroidManifest.xml:41:25-88
61            </intent-filter>
62            <intent-filter>
62-->[androidx.profileinstaller:profileinstaller:1.3.1] AndroidManifest.xml:43:13-45:29
63                <action android:name="androidx.profileinstaller.action.SKIP_FILE" />
63-->[androidx.profileinstaller:profileinstaller:1.3.1] AndroidManifest.xml:44:17-85
63-->[androidx.profileinstaller:profileinstaller:1.3.1] AndroidManifest.xml:44:25-82
64            </intent-filter>
65            <intent-filter>
65-->[androidx.profileinstaller:profileinstaller:1.3.1] AndroidManifest.xml:46:13-48:29
66                <action android:name="androidx.profileinstaller.action.SAVE_PROFILE" />
66-->[androidx.profileinstaller:profileinstaller:1.3.1] AndroidManifest.xml:47:17-88
66-->[androidx.profileinstaller:profileinstaller:1.3.1] AndroidManifest.xml:47:25-85
67            </intent-filter>
68            <intent-filter>
68-->[androidx.profileinstaller:profileinstaller:1.3.1] AndroidManifest.xml:49:13-51:29
69                <action android:name="androidx.profileinstaller.action.BENCHMARK_OPERATION" />
69-->[androidx.profileinstaller:profileinstaller:1.3.1] AndroidManifest.xml:50:17-95
69-->[androidx.profileinstaller:profileinstaller:1.3.1] AndroidManifest.xml:50:25-92
70            </intent-filter>
71        </receiver>
72    </application>
73
74</manifest>